2025-04-08 22:47:37.069 [restartedMain] INFO  c.g.w.WithUsGlobalApplicationKt - Starting WithUsGlobalApplicationKt using Java 21.0.3 with PID 14116 (C:\Dev\Project\WithUsGlobal\WithUsGlobal\build\classes\kotlin\main started by tpgj9 in C:\Dev\Project\WithUsGlobal\WithUsGlobal)
2025-04-08 22:47:37.083 [restartedMain] INFO  c.g.w.WithUsGlobalApplicationKt - The following 1 profile is active: "dev"
2025-04-08 22:47:37.152 [restartedMain] INFO  o.s.b.d.e.DevToolsPropertyDefaultsPostProcessor - Devtools property defaults active! Set 'spring.devtools.add-properties' to 'false' to disable
2025-04-08 22:47:37.153 [restartedMain] INFO  o.s.b.d.e.DevToolsPropertyDefaultsPostProcessor - For additional web related logging consider setting the 'logging.level.web' property to 'DEBUG'
2025-04-08 22:47:38.162 [restartedMain] INFO  o.s.d.r.c.RepositoryConfigurationDelegate - Bootstrapping Spring Data JPA repositories in DEFAULT mode.
2025-04-08 22:47:38.304 [restartedMain] INFO  o.s.d.r.c.RepositoryConfigurationDelegate - Finished Spring Data repository scanning in 135 ms. Found 6 JPA repository interfaces.
2025-04-08 22:47:38.872 [restartedMain] INFO  o.s.b.w.e.tomcat.TomcatWebServer - Tomcat initialized with port 8787 (http)
2025-04-08 22:47:38.882 [restartedMain] INFO  o.a.coyote.http11.Http11NioProtocol - Initializing ProtocolHandler ["http-nio-8787"]
2025-04-08 22:47:38.883 [restartedMain] INFO  o.a.catalina.core.StandardService - Starting service [Tomcat]
2025-04-08 22:47:38.884 [restartedMain] INFO  o.a.catalina.core.StandardEngine - Starting Servlet engine: [Apache Tomcat/10.1.39]
2025-04-08 22:47:38.925 [restartedMain] INFO  o.a.c.c.C.[Tomcat].[localhost].[/] - Initializing Spring embedded WebApplicationContext
2025-04-08 22:47:38.925 [restartedMain] INFO  o.s.b.w.s.c.ServletWebServerApplicationContext - Root WebApplicationContext: initialization completed in 1771 ms
2025-04-08 22:47:39.014 [restartedMain] INFO  com.zaxxer.hikari.HikariDataSource - HikariPool-1 - Starting...
2025-04-08 22:47:44.120 [restartedMain] INFO  com.zaxxer.hikari.pool.HikariPool - HikariPool-1 - Added connection com.mysql.cj.jdbc.ConnectionImpl@573d154d
2025-04-08 22:47:44.121 [restartedMain] INFO  com.zaxxer.hikari.HikariDataSource - HikariPool-1 - Start completed.
2025-04-08 22:47:44.203 [restartedMain] INFO  o.h.jpa.internal.util.LogHelper - HHH000204: Processing PersistenceUnitInfo [name: default]
2025-04-08 22:47:44.244 [restartedMain] INFO  org.hibernate.Version - HHH000412: Hibernate ORM core version 6.6.11.Final
2025-04-08 22:47:44.271 [restartedMain] INFO  o.h.c.i.RegionFactoryInitiator - HHH000026: Second-level cache disabled
2025-04-08 22:47:44.506 [restartedMain] INFO  o.s.o.j.p.SpringPersistenceUnitInfo - No LoadTimeWeaver setup: ignoring JPA class transformer
2025-04-08 22:47:44.565 [restartedMain] WARN  org.hibernate.orm.deprecation - HHH90000025: MySQL8Dialect does not need to be specified explicitly using 'hibernate.dialect' (remove the property setting and it will be selected by default)
2025-04-08 22:47:44.566 [restartedMain] WARN  org.hibernate.orm.deprecation - HHH90000026: MySQL8Dialect has been deprecated; use org.hibernate.dialect.MySQLDialect instead
2025-04-08 22:47:44.576 [restartedMain] INFO  o.hibernate.orm.connections.pooling - HHH10001005: Database info:
	Database JDBC URL [Connecting through datasource 'HikariDataSource (HikariPool-1)']
	Database driver: undefined/unknown
	Database version: 8.0
	Autocommit mode: undefined/unknown
	Isolation level: undefined/unknown
	Minimum pool size: undefined/unknown
	Maximum pool size: undefined/unknown
2025-04-08 22:47:45.387 [restartedMain] INFO  o.h.e.t.j.p.i.JtaPlatformInitiator - HHH000489: No JTA platform available (set 'hibernate.transaction.jta.platform' to enable JTA platform integration)
2025-04-08 22:47:45.606 [restartedMain] INFO  o.s.o.j.LocalContainerEntityManagerFactoryBean - Initialized JPA EntityManagerFactory for persistence unit 'default'
2025-04-08 22:47:46.026 [restartedMain] INFO  o.s.d.j.r.query.QueryEnhancerFactory - Hibernate is in classpath; If applicable, HQL parser will be used.
2025-04-08 22:47:46.554 [restartedMain] INFO  c.g.w.common.config.KafkaConfig - Kafka producer configured with bootstrap servers: 210.121.177.150:9092, retries: 3, acks: 1
2025-04-08 22:47:46.723 [restartedMain] INFO  o.s.s.c.a.a.c.InitializeUserDetailsBeanManagerConfigurer$InitializeUserDetailsManagerConfigurer - Global AuthenticationManager configured with UserDetailsService bean with name customUserDetailsService
2025-04-08 22:47:46.788 [restartedMain] INFO  c.g.w.common.config.KafkaConfig - Kafka consumer configured with bootstrap servers: 210.121.177.150:9092, group-id: pos-group, auto-offset-reset: earliest
2025-04-08 22:47:46.882 [restartedMain] WARN  o.s.b.a.o.j.JpaBaseConfiguration$JpaWebConfiguration - spring.jpa.open-in-view is enabled by default. Therefore, database queries may be performed during view rendering. Explicitly configure spring.jpa.open-in-view to disable this warning
2025-04-08 22:47:47.255 [restartedMain] INFO  o.s.v.b.OptionalValidatorFactoryBean - Failed to set up a Bean Validation provider: jakarta.validation.NoProviderFoundException: Unable to create a Configuration, because no Jakarta Bean Validation provider could be found. Add a provider like Hibernate Validator (RI) to your classpath.
2025-04-08 22:47:47.601 [restartedMain] INFO  o.s.b.d.a.OptionalLiveReloadServer - LiveReload server is running on port 35729
2025-04-08 22:47:47.661 [restartedMain] INFO  o.a.coyote.http11.Http11NioProtocol - Starting ProtocolHandler ["http-nio-8787"]
2025-04-08 22:47:47.677 [restartedMain] INFO  o.s.b.w.e.tomcat.TomcatWebServer - Tomcat started on port 8787 (http) with context path '/'
2025-04-08 22:47:47.684 [restartedMain] INFO  c.g.w.WithUsGlobalApplicationKt - Started WithUsGlobalApplicationKt in 11.16 seconds (process running for 11.695)
2025-04-08 22:47:47.689 [restartedMain] INFO  o.s.b.a.b.JobLauncherApplicationRunner - Running default command line with: []
2025-04-08 22:47:53.836 [http-nio-8787-exec-2] INFO  o.a.c.c.C.[Tomcat].[localhost].[/] - Initializing Spring DispatcherServlet 'dispatcherServlet'
2025-04-08 22:47:53.836 [http-nio-8787-exec-2] INFO  o.s.web.servlet.DispatcherServlet - Initializing Servlet 'dispatcherServlet'
2025-04-08 22:47:53.838 [http-nio-8787-exec-2] INFO  o.s.web.servlet.DispatcherServlet - Completed initialization in 2 ms
2025-04-08 22:47:55.524 [http-nio-8787-exec-9] INFO  o.s.api.AbstractOpenApiResource - Init duration for springdoc-openapi is: 1277 ms
